modes   : export
db url  : mongodb://mingtaiha:mingtaiha@ds053838.mlab.com:53838/hicomb
session : rp.session.radical.mingtha.016949.0006
age     : -999999999 days, 0:00:00
running on osg.xsede-virt-clust
session id: rp.session.radical.mingtha.016949.0006
[None, u'Launching', 12.090487957000732]
['pilot.0000', u'Launching', 12.181551933288574]
['pilot.0001', 'PendingLaunch', 17.527008056640625]
['pilot.0002', 'PendingLaunch', 22.544265031814575]
['pilot.0003', 'PendingLaunch', 25.696331024169922]
['pilot.0004', 'PendingLaunch', 28.850416898727417]
['pilot.0001', u'Launching', 30.79413890838623]
['pilot.0000', u'PendingActive', 30.794211864471436]
['pilot.0005', 'PendingLaunch', 32.01314997673035]
['pilot.0006', u'PendingLaunch', 36.9811110496521]
['pilot.0007', u'PendingLaunch', 40.2894229888916]
['pilot.0002', u'Launching', 45.219066858291626]
['pilot.0001', u'PendingActive', 45.219188928604126]
['unit.000003', u'pilot.0001', u'AgentStagingInputPending', 47.364551067352295]
['unit.000002', u'pilot.0000', u'AgentStagingInputPending', 47.36459302902222]
['unit.000001', u'pilot.0003', u'AgentStagingInputPending', 47.36461305618286]
['unit.000000', u'pilot.0002', u'AgentStagingInputPending', 47.36462903022766]
['unit.000007', u'pilot.0005', u'PendingInputStaging', 47.364646911621094]
['unit.000006', u'pilot.0004', u'AgentStagingInputPending', 47.364662885665894]
['unit.000005', u'pilot.0007', u'AgentStagingInputPending', 47.36468005180359]
['unit.000004', u'pilot.0006', u'AgentStagingInputPending', 47.36469602584839]
['unit.000007', u'pilot.0005', u'AgentStagingInputPending', 50.45966196060181]
['pilot.0003', u'Launching', 58.49515986442566]
['pilot.0002', u'PendingActive', 58.49531292915344]
['pilot.0004', u'Launching', 71.79969000816345]
['pilot.0003', u'PendingActive', 71.79978799819946]
['pilot.0004', u'PendingActive', 90.58528804779053]
['pilot.0005', u'Launching', 90.81635189056396]
['pilot.0006', u'Launching', 107.7404899597168]
['pilot.0005', u'PendingActive', 107.74064993858337]
['pilot.0007', u'Launching', 123.61686587333679]
['pilot.0006', u'PendingActive', 123.61707091331482]
['pilot.0007', u'PendingActive', 139.40415787696838]
['pilot.0001', u'Active', 322.2251410484314]
['pilot.0000', u'Active', 323.96042799949646]
['pilot.0002', u'Active', 328.95169591903687]
['unit.000003', u'pilot.0001', u'Executing', 331.7723469734192]
['unit.000002', u'pilot.0000', u'Executing', 331.7723910808563]
['unit.000000', u'pilot.0002', u'Executing', 334.86443185806274]
['unit.000003', u'pilot.0001', u'Done', 337.955766916275]
['unit.000002', u'pilot.0000', u'AgentStagingOutput', 342.42783308029175]
['unit.000000', u'pilot.0002', u'AgentStagingOutputPending', 342.4278919696808]
['unit.000002', u'pilot.0000', u'Done', 345.52458691596985]
['unit.000000', u'pilot.0002', u'Done', 345.6160008907318]
need to exit now: 
running on osg.xsede-virt-clust
session id: rp.session.radical.mingtha.016949.0007
['pilot.0000', u'PendingLaunch', 11.348217010498047]
['pilot.0000', u'Launching', 12.435153007507324]
['pilot.0001', u'PendingLaunch', 15.913862943649292]
['pilot.0002', 'PendingLaunch', 22.75879693031311]
['pilot.0003', 'PendingLaunch', 30.293309926986694]
['pilot.0004', u'PendingLaunch', 35.50106596946716]
['pilot.0001', u'Launching', 39.85852098464966]
['pilot.0000', u'PendingActive', 39.858574867248535]
['pilot.0005', u'PendingLaunch', 39.871954917907715]
['pilot.0006', 'PendingLaunch', 47.75242304801941]
['pilot.0007', 'PendingLaunch', 53.57128596305847]
['pilot.0001', u'PendingActive', 58.258254051208496]
['pilot.0002', u'Launching', 60.04108500480652]
['unit.000003', u'pilot.0001', u'PendingInputStaging', 63.84911394119263]
['unit.000002', u'pilot.0000', u'PendingInputStaging', 63.849159955978394]
['unit.000001', u'pilot.0003', u'StagingInput', 63.84918689727783]
['unit.000000', u'pilot.0002', u'AgentStagingInputPending', 63.84921097755432]
['unit.000003', u'pilot.0001', u'AgentStagingInputPending', 66.95003390312195]
['unit.000002', u'pilot.0000', u'AgentStagingInputPending', 66.95007085800171]
['unit.000001', u'pilot.0003', u'AgentStagingInputPending', 66.95009183883667]
['unit.000007', u'pilot.0005', u'AgentStagingInputPending', 66.95011687278748]
['unit.000006', u'pilot.0004', u'AgentStagingInputPending', 66.95013499259949]
['unit.000005', u'pilot.0007', u'AgentStagingInputPending', 66.95015406608582]
['unit.000004', u'pilot.0006', u'AgentStagingInputPending', 66.95017194747925]
['pilot.0003', u'Launching', 75.80595993995667]
['pilot.0002', u'PendingActive', 75.80604887008667]
['pilot.0004', u'Launching', 91.41007900238037]
['pilot.0003', u'PendingActive', 91.4102098941803]
['pilot.0004', u'PendingActive', 107.14383482933044]
['pilot.0005', u'Launching', 107.32523202896118]
['pilot.0006', u'Launching', 123.75418591499329]
['pilot.0005', u'PendingActive', 123.75427889823914]
['pilot.0006', u'PendingActive', 139.5730369091034]
['pilot.0007', u'Launching', 139.67113590240479]
['pilot.0007', u'PendingActive', 156.12036299705505]
['pilot.0001', u'Active', 176.15607595443726]
['unit.000003', u'pilot.0001', u'Executing', 184.66900300979614]
['unit.000003', u'pilot.0001', u'Done', 193.9533748626709]
['pilot.0000', u'Active', 195.20965790748596]
['unit.000002', u'pilot.0000', u'Executing', 205.3191909790039]
['unit.000002', u'pilot.0000', u'Done', 211.51293087005615]
['pilot.0002', u'Active', 239.45802903175354]
['unit.000000', u'pilot.0002', u'Executing', 247.27383685112]
['unit.000000', u'pilot.0002', u'AgentStagingOutputPending', 253.48438906669617]
['unit.000000', u'pilot.0002', u'Done', 256.57839488983154]
['pilot.0005', u'Active', 309.01844596862793]
['pilot.0006', u'Active', 312.88401794433594]
['unit.000007', u'pilot.0005', u'Executing', 315.7917859554291]
['unit.000004', u'pilot.0006', u'Executing', 318.88391494750977]
['unit.000007', u'pilot.0005', u'AgentStagingOutputPending', 325.0765929222107]
['unit.000007', u'pilot.0005', u'Done', 328.1733560562134]
['unit.000004', u'pilot.0006', u'AgentStagingOutputPending', 348.59707283973694]
['unit.000004', u'pilot.0006', u'Done', 351.7865228652954]
['pilot.0003', u'Active', 428.3579969406128]
['pilot.0004', u'Active', 428.3580310344696]
['unit.000001', u'pilot.0003', u'Executing', 434.78356289863586]
['unit.000006', u'pilot.0004', u'Executing', 437.9820649623871]
['unit.000001', u'pilot.0003', u'AgentStagingOutputPending', 444.3492088317871]
['unit.000001', u'pilot.0003', u'Done', 447.5322799682617]
['unit.000006', u'pilot.0004', u'Done', 447.65043902397156]
need to exit now: 
modes   : export
db url  : mongodb://mingtaiha:mingtaiha@ds053838.mlab.com:53838/hicomb
session : rp.session.radical.mingtha.016950.0001
age     : -999999999 days, 0:00:00
running on osg.xsede-virt-clust
session id: rp.session.radical.mingtha.016950.0001
['pilot.0000', u'PendingLaunch', 8.458133935928345]
['pilot.0000', u'Launching', 9.539414882659912]
['pilot.0001', 'PendingLaunch', 11.634932041168213]
['pilot.0002', u'PendingLaunch', 16.255127906799316]
['pilot.0003', 'PendingLaunch', 21.173516988754272]
['pilot.0004', 'PendingLaunch', 24.353167057037354]
['pilot.0005', 'PendingLaunch', 27.504590034484863]
['pilot.0001', u'Launching', 29.339827060699463]
['pilot.0000', u'PendingActive', 29.339921951293945]
['pilot.0006', 'PendingLaunch', 30.658266067504883]
['pilot.0007', 'PendingLaunch', 35.58558797836304]
['pilot.0001', u'PendingActive', 52.522472858428955]
['pilot.0002', u'Launching', 52.7178270816803]
['unit.000001', u'pilot.0003', u'StagingInput', 60.528769969940186]
['unit.000000', u'pilot.0002', u'StagingInput', 60.52884006500244]
['unit.000003', u'pilot.0001', u'AgentStagingInputPending', 63.626757860183716]
['unit.000002', u'pilot.0000', u'AgentStagingInputPending', 63.62681698799133]
['unit.000001', u'pilot.0003', u'AgentStagingInputPending', 63.62685704231262]
['unit.000000', u'pilot.0002', u'AgentStagingInputPending', 63.626904010772705]
['unit.000007', u'pilot.0005', u'AgentStagingInputPending', 63.62694191932678]
['unit.000006', u'pilot.0004', u'AgentStagingInputPending', 63.62697792053223]
['unit.000005', u'pilot.0007', u'AgentStagingInputPending', 63.62701392173767]
['unit.000004', u'pilot.0006', u'AgentStagingInputPending', 63.6270489692688]
['pilot.0003', u'Launching', 66.61457991600037]
['pilot.0002', u'PendingActive', 66.61475491523743]
['pilot.0004', u'Launching', 79.87827587127686]
['pilot.0003', u'PendingActive', 79.87845706939697]
['pilot.0005', u'Launching', 95.67305207252502]
['pilot.0004', u'PendingActive', 95.6732280254364]
['pilot.0006', u'Launching', 111.42088985443115]
['pilot.0005', u'PendingActive', 111.42100501060486]
['pilot.0006', u'PendingActive', 127.20062899589539]
['pilot.0007', u'Launching', 127.48624396324158]
['pilot.0007', u'PendingActive', 148.67347502708435]
['pilot.0000', u'Active', 175.54527688026428]
['unit.000002', u'pilot.0000', u'Executing', 182.4352149963379]
['unit.000002', u'pilot.0000', u'Done', 191.7182068824768]
['pilot.0001', u'Active', 217.55529499053955]
['unit.000003', u'pilot.0001', u'Executing', 223.31185698509216]
['unit.000003', u'pilot.0001', u'AgentStagingOutputPending', 232.59913897514343]
['unit.000003', u'pilot.0001', u'Done', 235.69323587417603]
['pilot.0004', u'Active', 247.07228708267212]
['unit.000006', u'pilot.0004', u'Executing', 254.48509287834167]
['unit.000006', u'pilot.0004', u'StagingOutput', 267.36002492904663]
['unit.000006', u'pilot.0004', u'Done', 270.4588348865509]
['pilot.0007', u'Active', 331.2536299228668]
['unit.000005', u'pilot.0007', u'Executing', 339.444149017334]
['unit.000005', u'pilot.0007', u'Done', 348.7246398925781]
need to exit now: 
