Hold reason: Error from glidein_1131182_567691211@CRUSH-OSG-10-5-7-37: STARTER at 10.5.7.37 failed to send file(s) to <129.79.53.198:9615>: error reading from /var/lib/condor/execute/dir_1130670/glide_vAQHrt/execute/dir_3303646/pilot.0000.log.tgz: (errno 2) No such file or directory; SHADOW failed to receive file(s) from <128.230.171.105:56937>

-- Schedd: login02.osgconnect.net : <192.170.227.192:9601?...
Last successful match: Wed May 25 09:47:36 2016

The Requirements expression for your job is:

( ( HAS_MODULES is true ) && ( OpSysMajorVer == 6 ) &&
GLIDEIN_ResourceName isnt "CIT_CMS_T2" &&
GLIDEIN_ResourceName isnt "Hyak" ) && ( TARGET.Arch == "X86_64" ) &&
( TARGET.OpSys == "LINUX" ) && ( TARGET.Disk >= RequestDisk ) &&
( TARGET.Memory >= RequestMemory ) && ( TARGET.HasFileTransfer )

Your job defines the following attributes:

DiskUsage = 2750000
RequestDisk = 2750000
RequestMemory = 1000

The Requirements expression for your job reduces to these conditions:

Slots
Step    Matched  Condition
-----  --------  ---------
[0]       16352  HAS_MODULES is true
[3]       16059  GLIDEIN_ResourceName isnt "CIT_CMS_T2"
[4]       16027  [0] && [3]
[5]       15507  GLIDEIN_ResourceName isnt "Hyak"
[6]       15150  [4] && [5]
[11]      15006  TARGET.Disk >= RequestDisk
[12]      14522  [6] && [11]
[13]      15649  TARGET.Memory >= RequestMemory
[14]      14511  [12] && [13]

Suggestions:

Condition                         Machines Matched    Suggestion
---------                         ----------------    ----------
1   ( HAS_MODULES is true )           0                   MODIFY TO true
2   ( OpSysMajorVer == 6 )            0                   REMOVE
3   ( TARGET.Disk >= 2750000 )        15006                
4   ( TARGET.Memory >= 1000 )         15649                
5   GLIDEIN_ResourceName isnt "CIT_CMS_T2"16384                
6   GLIDEIN_ResourceName isnt "Hyak"  16384                
7   ( TARGET.Arch == "X86_64" )       16384                
8   ( TARGET.OpSys == "LINUX" )       16384                
9   ( TARGET.HasFileTransfer )        16384 
