running on osg.xsede-virt-clust
session id: rp.session.radical.mingtha.016941.0016
['pilot.0000', 'PendingLaunch', 10.598351955413818]
['pilot.0000', u'Launching', 11.277105808258057]
['unit.000119', u'pilot.0000', u'PendingInputStaging', 14.981925964355469]
['unit.000100', u'pilot.0000', u'PendingInputStaging', 14.982420921325684]
['unit.000006', u'pilot.0000', u'PendingInputStaging', 14.982617855072021]
['unit.000005', u'pilot.0000', u'PendingInputStaging', 14.982653856277466]
['unit.000004', u'pilot.0000', u'PendingInputStaging', 14.982684850692749]
['unit.000018', u'pilot.0000', u'PendingInputStaging', 18.64721703529358]
['unit.000010', u'pilot.0000', u'AgentStagingInputPending', 18.647305011749268]
['unit.000011', u'pilot.0000', u'AgentStagingInputPending', 18.647347927093506]
['unit.000012', u'pilot.0000', u'StagingInput', 18.647384881973267]
['unit.000013', u'pilot.0000', u'PendingInputStaging', 18.647423028945923]
['unit.000014', u'pilot.0000', u'PendingInputStaging', 18.647459983825684]
['unit.000016', u'pilot.0000', u'PendingInputStaging', 18.647504806518555]
['unit.000017', u'pilot.0000', u'PendingInputStaging', 18.647540807724]
['unit.000119', u'pilot.0000', u'AgentStagingInputPending', 18.647586822509766]
['unit.000120', u'pilot.0000', u'AgentStagingInputPending', 18.648092031478882]
['unit.000121', u'pilot.0000', u'PendingInputStaging', 18.648131847381592]
['unit.000126', u'pilot.0000', u'AgentStagingInputPending', 18.648223876953125]
['unit.000127', u'pilot.0000', u'AgentStagingInputPending', 18.64826202392578]
['unit.000111', u'pilot.0000', u'PendingInputStaging', 18.648435831069946]
['unit.000100', u'pilot.0000', u'AgentStagingInputPending', 18.648505926132202]
['unit.000110', u'pilot.0000', u'AgentStagingInputPending', 18.64860200881958]
['unit.000009', u'pilot.0000', u'AgentStagingInputPending', 18.64872694015503]
['unit.000008', u'pilot.0000', u'AgentStagingInputPending', 18.64876389503479]
['unit.000007', u'pilot.0000', u'AgentStagingInputPending', 18.64885902404785]
['unit.000006', u'pilot.0000', u'AgentStagingInputPending', 18.648900032043457]
['unit.000005', u'pilot.0000', u'AgentStagingInputPending', 18.6489360332489]
['unit.000004', u'pilot.0000', u'AgentStagingInputPending', 18.64897084236145]
['unit.000018', u'pilot.0000', u'AgentStagingInputPending', 25.0050950050354]
['unit.000019', u'pilot.0000', u'AgentStagingInputPending', 25.005154848098755]
['unit.000012', u'pilot.0000', u'AgentStagingInputPending', 25.00521492958069]
['unit.000013', u'pilot.0000', u'AgentStagingInputPending', 25.005252838134766]
['unit.000014', u'pilot.0000', u'AgentStagingInputPending', 25.005287885665894]
['unit.000015', u'pilot.0000', u'PendingInputStaging', 25.005324840545654]
['unit.000016', u'pilot.0000', u'AgentStagingInputPending', 25.005359888076782]
['unit.000017', u'pilot.0000', u'AgentStagingInputPending', 25.00539493560791]
['unit.000025', u'pilot.0000', u'PendingInputStaging', 25.00555181503296]
['unit.000024', u'pilot.0000', u'PendingInputStaging', 25.00559091567993]
['unit.000026', u'pilot.0000', u'PendingInputStaging', 25.0056369304657]
['unit.000021', u'pilot.0000', u'StagingInput', 25.00567388534546]
['unit.000020', u'pilot.0000', u'AgentStagingInputPending', 25.005717039108276]
['unit.000023', u'pilot.0000', u'PendingInputStaging', 25.005754947662354]
['unit.000121', u'pilot.0000', u'AgentStagingInputPending', 25.006013870239258]
['unit.000111', u'pilot.0000', u'AgentStagingInputPending', 25.006237030029297]
['unit.000102', u'pilot.0000', u'PendingInputStaging', 25.006281852722168]
['unit.000101', u'pilot.0000', u'AgentStagingInputPending', 25.006333827972412]
['unit.000022', u'pilot.0000', u'PendingInputStaging', 25.006587028503418]
['unit.000015', u'pilot.0000', u'AgentStagingInputPending', 29.565775871276855]
['unit.000029', u'pilot.0000', u'PendingInputStaging', 29.565913915634155]
['unit.000028', u'pilot.0000', u'AgentStagingInputPending', 29.565945863723755]
['unit.000025', u'pilot.0000', u'AgentStagingInputPending', 29.56597399711609]
['unit.000027', u'pilot.0000', u'AgentStagingInputPending', 29.566008806228638]
['unit.000026', u'pilot.0000', u'AgentStagingInputPending', 29.56608295440674]
['unit.000021', u'pilot.0000', u'AgentStagingInputPending', 29.56611180305481]
['unit.000023', u'pilot.0000', u'AgentStagingInputPending', 29.56614589691162]
['unit.000032', u'pilot.0000', u'PendingInputStaging', 29.566241025924683]
['unit.000030', u'pilot.0000', u'PendingInputStaging', 29.56627583503723]
['unit.000031', u'pilot.0000', u'PendingInputStaging', 29.566301822662354]
['unit.000123', u'pilot.0000', u'PendingInputStaging', 29.566442012786865]
['unit.000112', u'pilot.0000', u'StagingInput', 29.56662893295288]
['unit.000102', u'pilot.0000', u'AgentStagingInputPending', 29.566664934158325]
['unit.000103', u'pilot.0000', u'PendingInputStaging', 29.56669282913208]
['unit.000024', u'pilot.0000', u'AgentStagingInputPending', 29.566776990890503]
['unit.000000', u'pilot.0000', u'PendingInputStaging', 29.566884994506836]
['unit.000022', u'pilot.0000', u'AgentStagingInputPending', 29.56693983078003]
['pilot.0000', u'PendingActive', 30.068131923675537]
['unit.000029', u'pilot.0000', u'AgentStagingInputPending', 33.21690082550049]
['unit.000032', u'pilot.0000', u'AgentStagingInputPending', 33.21709990501404]
['unit.000033', u'pilot.0000', u'AgentStagingInputPending', 33.217142820358276]
['unit.000030', u'pilot.0000', u'AgentStagingInputPending', 33.217177867889404]
['unit.000031', u'pilot.0000', u'AgentStagingInputPending', 33.2172110080719]
['unit.000036', u'pilot.0000', u'PendingInputStaging', 33.217247009277344]
['unit.000037', u'pilot.0000', u'PendingInputStaging', 33.21728181838989]
['unit.000034', u'pilot.0000', u'AgentStagingInputPending', 33.21731686592102]
['unit.000035', u'pilot.0000', u'StagingInput', 33.21735191345215]
['unit.000123', u'pilot.0000', u'AgentStagingInputPending', 33.217482805252075]
['unit.000124', u'pilot.0000', u'PendingInputStaging', 33.217519998550415]
['unit.000113', u'pilot.0000', u'AgentStagingInputPending', 33.217692852020264]
['unit.000112', u'pilot.0000', u'AgentStagingInputPending', 33.21772885322571]
['unit.000103', u'pilot.0000', u'AgentStagingInputPending', 33.21776986122131]
['unit.000104', u'pilot.0000', u'PendingInputStaging', 33.21783399581909]
['unit.000069', u'pilot.0000', u'PendingInputStaging', 33.217888832092285]
['unit.000068', u'pilot.0000', u'PendingInputStaging', 33.21792387962341]
['unit.000003', u'pilot.0000', u'PendingInputStaging', 33.218039989471436]
['unit.000002', u'pilot.0000', u'AgentStagingInputPending', 33.218076944351196]
['unit.000001', u'pilot.0000', u'AgentStagingInputPending', 33.218111991882324]
['unit.000000', u'pilot.0000', u'AgentStagingInputPending', 33.21814584732056]
['unit.000036', u'pilot.0000', u'AgentStagingInputPending', 36.98045587539673]
['unit.000037', u'pilot.0000', u'AgentStagingInputPending', 36.9805109500885]
['unit.000035', u'pilot.0000', u'AgentStagingInputPending', 36.98055696487427]
['unit.000038', u'pilot.0000', u'AgentStagingInputPending', 36.98059582710266]
['unit.000039', u'pilot.0000', u'AgentStagingInputPending', 36.980631828308105]
['unit.000044', u'pilot.0000', u'PendingInputStaging', 36.98068881034851]
['unit.000043', u'pilot.0000', u'PendingInputStaging', 36.980746030807495]
['unit.000042', u'pilot.0000', u'PendingInputStaging', 36.980782985687256]
['unit.000041', u'pilot.0000', u'AgentStagingInputPending', 36.980818033218384]
['unit.000040', u'pilot.0000', u'AgentStagingInputPending', 36.98086094856262]
['unit.000124', u'pilot.0000', u'AgentStagingInputPending', 36.980937004089355]
['unit.000125', u'pilot.0000', u'PendingInputStaging', 36.9809730052948]
['unit.000114', u'pilot.0000', u'AgentStagingInputPending', 36.98109698295593]
['unit.000104', u'pilot.0000', u'AgentStagingInputPending', 36.981215953826904]
['unit.000105', u'pilot.0000', u'PendingInputStaging', 36.981252908706665]
['unit.000069', u'pilot.0000', u'AgentStagingInputPending', 36.98129987716675]
['unit.000068', u'pilot.0000', u'AgentStagingInputPending', 36.98133397102356]
['unit.000003', u'pilot.0000', u'AgentStagingInputPending', 36.98143982887268]
['unit.000074', u'pilot.0000', u'PendingInputStaging', 36.98156380653381]
['unit.000075', u'pilot.0000', u'PendingInputStaging', 36.981642961502075]
['unit.000072', u'pilot.0000', u'AgentStagingInputPending', 36.9816780090332]
['unit.000073', u'pilot.0000', u'StagingInput', 36.98171281814575]
['unit.000070', u'pilot.0000', u'AgentStagingInputPending', 36.98174691200256]
['unit.000071', u'pilot.0000', u'AgentStagingInputPending', 36.98177981376648]
['unit.000083', u'pilot.0000', u'PendingInputStaging', 41.30499196052551]
['unit.000082', u'pilot.0000', u'PendingInputStaging', 41.305049896240234]
['unit.000081', u'pilot.0000', u'StagingInput', 41.30508995056152]
['unit.000080', u'pilot.0000', u'AgentStagingInputPending', 41.3051278591156]
['unit.000047', u'pilot.0000', u'AgentStagingInputPending', 41.30549192428589]
['unit.000046', u'pilot.0000', u'AgentStagingInputPending', 41.305532932281494]
['unit.000045', u'pilot.0000', u'AgentStagingInputPending', 41.30557084083557]
['unit.000044', u'pilot.0000', u'AgentStagingInputPending', 41.3056058883667]
['unit.000043', u'pilot.0000', u'AgentStagingInputPending', 41.305641889572144]
['unit.000042', u'pilot.0000', u'AgentStagingInputPending', 41.30567693710327]
['unit.000125', u'pilot.0000', u'AgentStagingInputPending', 41.30577301979065]
['unit.000049', u'pilot.0000', u'AgentStagingInputPending', 41.30583095550537]
['unit.000048', u'pilot.0000', u'AgentStagingInputPending', 41.30586791038513]
['unit.000050', u'pilot.0000', u'PendingInputStaging', 41.30593681335449]
['unit.000051', u'pilot.0000', u'PendingInputStaging', 41.30597400665283]
['unit.000052', u'pilot.0000', u'PendingInputStaging', 41.306010007858276]
['unit.000115', u'pilot.0000', u'AgentStagingInputPending', 41.30605387687683]
['unit.000116', u'pilot.0000', u'PendingInputStaging', 41.30612301826477]
['unit.000106', u'pilot.0000', u'PendingInputStaging', 41.30623388290405]
['unit.000105', u'pilot.0000', u'AgentStagingInputPending', 41.30628991127014]
['unit.000078', u'pilot.0000', u'AgentStagingInputPending', 41.306527853012085]
['unit.000079', u'pilot.0000', u'AgentStagingInputPending', 41.30659198760986]
['unit.000076', u'pilot.0000', u'AgentStagingInputPending', 41.306641817092896]
['unit.000077', u'pilot.0000', u'AgentStagingInputPending', 41.30667781829834]
['unit.000074', u'pilot.0000', u'AgentStagingInputPending', 41.30671191215515]
['unit.000075', u'pilot.0000', u'AgentStagingInputPending', 41.30674481391907]
['unit.000073', u'pilot.0000', u'AgentStagingInputPending', 41.30678701400757]
['unit.000050', u'pilot.0000', u'AgentStagingInputPending', 46.85452699661255]
['unit.000051', u'pilot.0000', u'AgentStagingInputPending', 46.854609966278076]
['unit.000083', u'pilot.0000', u'AgentStagingInputPending', 46.854650020599365]
['unit.000082', u'pilot.0000', u'AgentStagingInputPending', 46.8546838760376]
['unit.000081', u'pilot.0000', u'AgentStagingInputPending', 46.85471796989441]
['unit.000087', u'pilot.0000', u'PendingInputStaging', 46.85476303100586]
['unit.000086', u'pilot.0000', u'PendingInputStaging', 46.85479998588562]
['unit.000085', u'pilot.0000', u'AgentStagingInputPending', 46.85484480857849]
['unit.000084', u'pilot.0000', u'AgentStagingInputPending', 46.854883909225464]
['unit.000088', u'pilot.0000', u'PendingInputStaging', 46.8549280166626]
['unit.000054', u'pilot.0000', u'StagingInput', 46.855419874191284]
['unit.000055', u'pilot.0000', u'PendingInputStaging', 46.85545992851257]
['unit.000056', u'pilot.0000', u'PendingInputStaging', 46.8554949760437]
['unit.000057', u'pilot.0000', u'PendingInputStaging', 46.85554099082947]
['unit.000052', u'pilot.0000', u'AgentStagingInputPending', 46.855607986450195]
['unit.000053', u'pilot.0000', u'AgentStagingInputPending', 46.855644941329956]
['unit.000116', u'pilot.0000', u'AgentStagingInputPending', 46.855705976486206]
['unit.000106', u'pilot.0000', u'AgentStagingInputPending', 46.85582184791565]
['unit.000107', u'pilot.0000', u'PendingInputStaging', 46.855859994888306]
['unit.000087', u'pilot.0000', u'AgentStagingInputPending', 50.766916036605835]
['unit.000086', u'pilot.0000', u'AgentStagingInputPending', 50.766966819763184]
['unit.000089', u'pilot.0000', u'AgentStagingInputPending', 50.767056941986084]
['unit.000088', u'pilot.0000', u'AgentStagingInputPending', 50.76709198951721]
['unit.000090', u'pilot.0000', u'AgentStagingInputPending', 50.76721501350403]
['unit.000091', u'pilot.0000', u'AgentStagingInputPending', 50.76725196838379]
['unit.000092', u'pilot.0000', u'StagingInput', 50.767284870147705]
['unit.000093', u'pilot.0000', u'PendingInputStaging', 50.7673180103302]
['unit.000094', u'pilot.0000', u'PendingInputStaging', 50.76735186576843]
['unit.000095', u'pilot.0000', u'PendingInputStaging', 50.76738381385803]
['unit.000058', u'pilot.0000', u'AgentStagingInputPending', 50.767536878585815]
['unit.000122', u'pilot.0000', u'AgentStagingInputPending', 50.767658948898315]
['unit.000059', u'pilot.0000', u'AgentStagingInputPending', 50.767738819122314]
['unit.000054', u'pilot.0000', u'AgentStagingInputPending', 50.76778793334961]
['unit.000055', u'pilot.0000', u'AgentStagingInputPending', 50.76781892776489]
['unit.000056', u'pilot.0000', u'AgentStagingInputPending', 50.767849922180176]
['unit.000057', u'pilot.0000', u'AgentStagingInputPending', 50.7679009437561]
['unit.000118', u'pilot.0000', u'PendingInputStaging', 50.767946004867554]
['unit.000117', u'pilot.0000', u'AgentStagingInputPending', 50.76801085472107]
['unit.000107', u'pilot.0000', u'AgentStagingInputPending', 50.768128871917725]
['unit.000108', u'pilot.0000', u'PendingInputStaging', 50.768182039260864]
['unit.000061', u'pilot.0000', u'StagingInput', 50.76823902130127]
['unit.000060', u'pilot.0000', u'AgentStagingInputPending', 50.76827096939087]
['unit.000063', u'pilot.0000', u'PendingInputStaging', 50.76830196380615]
['unit.000062', u'pilot.0000', u'PendingInputStaging', 50.76833391189575]
['unit.000118', u'pilot.0000', u'AgentStagingInputPending', 54.52794003486633]
['unit.000092', u'pilot.0000', u'AgentStagingInputPending', 54.52821397781372]
['unit.000093', u'pilot.0000', u'AgentStagingInputPending', 54.52825593948364]
['unit.000094', u'pilot.0000', u'AgentStagingInputPending', 54.52829194068909]
['unit.000095', u'pilot.0000', u'AgentStagingInputPending', 54.52832794189453]
['unit.000096', u'pilot.0000', u'AgentStagingInputPending', 54.528366804122925]
['unit.000097', u'pilot.0000', u'AgentStagingInputPending', 54.52840495109558]
['unit.000098', u'pilot.0000', u'AgentStagingInputPending', 54.52845287322998]
['unit.000099', u'pilot.0000', u'AgentStagingInputPending', 54.528501987457275]
['unit.000108', u'pilot.0000', u'AgentStagingInputPending', 54.5290470123291]
['unit.000109', u'pilot.0000', u'AgentStagingInputPending', 54.52908802032471]
['unit.000061', u'pilot.0000', u'AgentStagingInputPending', 54.5291428565979]
['unit.000063', u'pilot.0000', u'AgentStagingInputPending', 54.529186964035034]
['unit.000062', u'pilot.0000', u'AgentStagingInputPending', 54.52922201156616]
['unit.000065', u'pilot.0000', u'AgentStagingInputPending', 54.52925896644592]
['unit.000064', u'pilot.0000', u'AgentStagingInputPending', 54.52929496765137]
['unit.000067', u'pilot.0000', u'AgentStagingInputPending', 54.52933096885681]
['unit.000066', u'pilot.0000', u'AgentStagingInputPending', 54.52936601638794]
need to exit now: 




running on osg.xsede-virt-clust
session id: rp.session.radical.mingtha.016942.0000
['pilot.0000', u'PendingLaunch', 9.930105924606323]
['pilot.0000', u'Launching', 11.137197971343994]
['unit.000089', u'pilot.0000', u'PendingInputStaging', 18.25503182411194]
['unit.000034', u'pilot.0000', u'PendingInputStaging', 18.255252838134766]
['unit.000006', u'pilot.0000', u'PendingInputStaging', 18.255663871765137]
['unit.000005', u'pilot.0000', u'PendingInputStaging', 18.255702018737793]
['unit.000016', u'pilot.0000', u'PendingInputStaging', 21.754148960113525]
['unit.000089', u'pilot.0000', u'AgentStagingInputPending', 21.754349946975708]
['unit.000036', u'pilot.0000', u'AgentStagingInputPending', 21.754628896713257]
['unit.000037', u'pilot.0000', u'StagingInput', 21.754668951034546]
['unit.000034', u'pilot.0000', u'AgentStagingInputPending', 21.754711866378784]
['unit.000035', u'pilot.0000', u'AgentStagingInputPending', 21.754748821258545]
['unit.000038', u'pilot.0000', u'PendingInputStaging', 21.754786014556885]
['unit.000039', u'pilot.0000', u'PendingInputStaging', 21.754822969436646]
['unit.000040', u'pilot.0000', u'PendingInputStaging', 21.75493288040161]
['unit.000121', u'pilot.0000', u'PendingInputStaging', 21.754979848861694]
['unit.000126', u'pilot.0000', u'AgentStagingInputPending', 21.755067825317383]
['unit.000100', u'pilot.0000', u'PendingInputStaging', 21.755302906036377]
['unit.000110', u'pilot.0000', u'AgentStagingInputPending', 21.75539994239807]
['unit.000067', u'pilot.0000', u'StagingInput', 21.75551986694336]
['unit.000007', u'pilot.0000', u'AgentStagingInputPending', 21.755623817443848]
['unit.000006', u'pilot.0000', u'AgentStagingInputPending', 21.755661964416504]
['unit.000005', u'pilot.0000', u'AgentStagingInputPending', 21.755698919296265]
['unit.000072', u'pilot.0000', u'PendingInputStaging', 21.755796909332275]
['unit.000073', u'pilot.0000', u'PendingInputStaging', 21.755833864212036]
['unit.000070', u'pilot.0000', u'AgentStagingInputPending', 21.755870819091797]
['unit.000071', u'pilot.0000', u'PendingInputStaging', 21.75590491294861]
['unit.000012', u'pilot.0000', u'AgentStagingInputPending', 25.323230981826782]
['unit.000016', u'pilot.0000', u'AgentStagingInputPending', 25.32345199584961]
['unit.000090', u'pilot.0000', u'AgentStagingInputPending', 25.32368493080139]
['unit.000037', u'pilot.0000', u'AgentStagingInputPending', 25.32383394241333]
['unit.000038', u'pilot.0000', u'AgentStagingInputPending', 25.323889017105103]
['unit.000039', u'pilot.0000', u'AgentStagingInputPending', 25.323925971984863]
['unit.000045', u'pilot.0000', u'PendingInputStaging', 25.323978900909424]
['unit.000044', u'pilot.0000', u'PendingInputStaging', 25.324015855789185]
['unit.000043', u'pilot.0000', u'PendingInputStaging', 25.324050903320312]
['unit.000042', u'pilot.0000', u'StagingInput', 25.324086904525757]
['unit.000041', u'pilot.0000', u'AgentStagingInputPending', 25.3241229057312]
['unit.000040', u'pilot.0000', u'AgentStagingInputPending', 25.32415795326233]
['unit.000121', u'pilot.0000', u'AgentStagingInputPending', 25.324200868606567]
['unit.000122', u'pilot.0000', u'PendingInputStaging', 25.32423686981201]
['unit.000124', u'pilot.0000', u'AgentStagingInputPending', 25.324278831481934]
['unit.000111', u'pilot.0000', u'StagingInput', 25.324469804763794]
['unit.000100', u'pilot.0000', u'AgentStagingInputPending', 25.324522972106934]
['unit.000068', u'pilot.0000', u'PendingInputStaging', 25.32462501525879]
['unit.000067', u'pilot.0000', u'AgentStagingInputPending', 25.32470703125]
['unit.000078', u'pilot.0000', u'PendingInputStaging', 25.324832916259766]
['unit.000079', u'pilot.0000', u'PendingInputStaging', 25.324869871139526]
['unit.000076', u'pilot.0000', u'PendingInputStaging', 25.32490587234497]
['unit.000077', u'pilot.0000', u'PendingInputStaging', 25.324939966201782]
['unit.000075', u'pilot.0000', u'AgentStagingInputPending', 25.32498288154602]
['unit.000072', u'pilot.0000', u'AgentStagingInputPending', 25.325034856796265]
['unit.000073', u'pilot.0000', u'AgentStagingInputPending', 25.325069904327393]
['unit.000071', u'pilot.0000', u'AgentStagingInputPending', 25.32511281967163]
['unit.000017', u'pilot.0000', u'PendingInputStaging', 29.915419816970825]
['unit.000081', u'pilot.0000', u'PendingInputStaging', 29.915515899658203]
['unit.000080', u'pilot.0000', u'PendingInputStaging', 29.915557861328125]
['unit.000091', u'pilot.0000', u'PendingInputStaging', 29.915742874145508]
['unit.000047', u'pilot.0000', u'PendingInputStaging', 29.915923833847046]
['unit.000046', u'pilot.0000', u'PendingInputStaging', 29.91596293449402]
['unit.000044', u'pilot.0000', u'AgentStagingInputPending', 29.916005849838257]
['unit.000043', u'pilot.0000', u'AgentStagingInputPending', 29.916042804718018]
['unit.000042', u'pilot.0000', u'AgentStagingInputPending', 29.916078805923462]
['unit.000122', u'pilot.0000', u'AgentStagingInputPending', 29.91615581512451]
['unit.000112', u'pilot.0000', u'PendingInputStaging', 29.91636896133423]
['unit.000111', u'pilot.0000', u'AgentStagingInputPending', 29.916409969329834]
['unit.000101', u'pilot.0000', u'PendingInputStaging', 29.91646981239319]
['unit.000068', u'pilot.0000', u'AgentStagingInputPending', 29.916568994522095]
['unit.000078', u'pilot.0000', u'StagingInput', 29.916754961013794]
['unit.000079', u'pilot.0000', u'StagingInput', 29.916791915893555]
['unit.000076', u'pilot.0000', u'AgentStagingInputPending', 29.916826963424683]
['unit.000077', u'pilot.0000', u'AgentStagingInputPending', 29.91686201095581]
['pilot.0000', u'PendingActive', 30.532890796661377]
['unit.000018', u'pilot.0000', u'PendingInputStaging', 33.488656997680664]
['unit.000017', u'pilot.0000', u'AgentStagingInputPending', 33.48877692222595]
['unit.000050', u'pilot.0000', u'PendingInputStaging', 33.48881983757019]
['unit.000051', u'pilot.0000', u'PendingInputStaging', 33.488855838775635]
['unit.000083', u'pilot.0000', u'AgentStagingInputPending', 33.488892793655396]
['unit.000081', u'pilot.0000', u'AgentStagingInputPending', 33.48894691467285]
['unit.000080', u'pilot.0000', u'AgentStagingInputPending', 33.48898386955261]
['unit.000085', u'pilot.0000', u'PendingInputStaging', 33.489084005355835]
['unit.000025', u'pilot.0000', u'PendingInputStaging', 33.48915886878967]
['unit.000024', u'pilot.0000', u'PendingInputStaging', 33.48919892311096]
['unit.000021', u'pilot.0000', u'AgentStagingInputPending', 33.489250898361206]
['unit.000023', u'pilot.0000', u'PendingInputStaging', 33.48929691314697]
['unit.000091', u'pilot.0000', u'AgentStagingInputPending', 33.489351987838745]
['unit.000047', u'pilot.0000', u'AgentStagingInputPending', 33.4895339012146]
['unit.000046', u'pilot.0000', u'AgentStagingInputPending', 33.48957180976868]
['unit.000045', u'pilot.0000', u'AgentStagingInputPending', 33.48960781097412]
['unit.000123', u'pilot.0000', u'AgentStagingInputPending', 33.489717960357666]
['unit.000049', u'pilot.0000', u'AgentStagingInputPending', 33.48979091644287]
['unit.000048', u'pilot.0000', u'AgentStagingInputPending', 33.489826917648315]
['unit.000054', u'pilot.0000', u'PendingInputStaging', 33.48986482620239]
['unit.000053', u'pilot.0000', u'PendingInputStaging', 33.48994588851929]
['unit.000112', u'pilot.0000', u'AgentStagingInputPending', 33.490036964416504]
['unit.000102', u'pilot.0000', u'PendingInputStaging', 33.4900848865509]
['unit.000101', u'pilot.0000', u'AgentStagingInputPending', 33.490137815475464]
['unit.000069', u'pilot.0000', u'AgentStagingInputPending', 33.4902229309082]
['unit.000064', u'pilot.0000', u'AgentStagingInputPending', 33.49030685424805]
['unit.000078', u'pilot.0000', u'AgentStagingInputPending', 33.49044895172119]
['unit.000079', u'pilot.0000', u'AgentStagingInputPending', 33.49048590660095]
['unit.000018', u'pilot.0000', u'AgentStagingInputPending', 37.06665802001953]
['unit.000019', u'pilot.0000', u'PendingInputStaging', 37.06671595573425]
['unit.000050', u'pilot.0000', u'AgentStagingInputPending', 37.06681680679321]
['unit.000051', u'pilot.0000', u'AgentStagingInputPending', 37.06685400009155]
['unit.000085', u'pilot.0000', u'AgentStagingInputPending', 37.06694483757019]
['unit.000028', u'pilot.0000', u'PendingInputStaging', 37.06702280044556]
['unit.000025', u'pilot.0000', u'AgentStagingInputPending', 37.06711292266846]
['unit.000024', u'pilot.0000', u'AgentStagingInputPending', 37.06714987754822]
['unit.000027', u'pilot.0000', u'PendingInputStaging', 37.06718397140503]
['unit.000026', u'pilot.0000', u'PendingInputStaging', 37.067219972610474]
['unit.000023', u'pilot.0000', u'AgentStagingInputPending', 37.067269802093506]
['unit.000092', u'pilot.0000', u'PendingInputStaging', 37.06733298301697]
['unit.000058', u'pilot.0000', u'PendingInputStaging', 37.067505836486816]
['unit.000054', u'pilot.0000', u'AgentStagingInputPending', 37.06770396232605]
['unit.000055', u'pilot.0000', u'AgentStagingInputPending', 37.06774592399597]
['unit.000056', u'pilot.0000', u'PendingInputStaging', 37.06778001785278]
['unit.000057', u'pilot.0000', u'PendingInputStaging', 37.067813873291016]
['unit.000052', u'pilot.0000', u'PendingInputStaging', 37.06786298751831]
['unit.000053', u'pilot.0000', u'AgentStagingInputPending', 37.06789588928223]
['unit.000113', u'pilot.0000', u'AgentStagingInputPending', 37.06797981262207]
['unit.000102', u'pilot.0000', u'AgentStagingInputPending', 37.06802296638489]
['unit.000008', u'pilot.0000', u'PendingInputStaging', 37.06820797920227]
['unit.000019', u'pilot.0000', u'AgentStagingInputPending', 42.07143998146057]
['unit.000029', u'pilot.0000', u'PendingInputStaging', 42.07164001464844]
['unit.000028', u'pilot.0000', u'AgentStagingInputPending', 42.07167887687683]
['unit.000027', u'pilot.0000', u'AgentStagingInputPending', 42.07173180580139]
['unit.000026', u'pilot.0000', u'AgentStagingInputPending', 42.0717658996582]
['unit.000092', u'pilot.0000', u'AgentStagingInputPending', 42.071844816207886]
['unit.000093', u'pilot.0000', u'PendingInputStaging', 42.07188081741333]
['unit.000030', u'pilot.0000', u'PendingInputStaging', 42.0719678401947]
['unit.000031', u'pilot.0000', u'PendingInputStaging', 42.07200384140015]
['unit.000058', u'pilot.0000', u'AgentStagingInputPending', 42.072086811065674]
['unit.000059', u'pilot.0000', u'PendingInputStaging', 42.072242975234985]
['unit.000056', u'pilot.0000', u'AgentStagingInputPending', 42.07230997085571]
['unit.000057', u'pilot.0000', u'AgentStagingInputPending', 42.07234287261963]
['unit.000052', u'pilot.0000', u'AgentStagingInputPending', 42.072388887405396]
['unit.000114', u'pilot.0000', u'PendingInputStaging', 42.07243800163269]
['unit.000103', u'pilot.0000', u'StagingInput', 42.07252383232117]
['unit.000061', u'pilot.0000', u'PendingInputStaging', 42.0726318359375]
['unit.000060', u'pilot.0000', u'PendingInputStaging', 42.07266688346863]
['unit.000009', u'pilot.0000', u'PendingInputStaging', 42.07274103164673]
['unit.000008', u'pilot.0000', u'AgentStagingInputPending', 42.07277488708496]
['unit.000082', u'pilot.0000', u'PendingInputStaging', 45.96182584762573]
['unit.000029', u'pilot.0000', u'AgentStagingInputPending', 45.961957931518555]
['unit.000020', u'pilot.0000', u'PendingInputStaging', 45.96206879615784]
['unit.000093', u'pilot.0000', u'AgentStagingInputPending', 45.962157011032104]
['unit.000096', u'pilot.0000', u'AgentStagingInputPending', 45.96221399307251]
['unit.000097', u'pilot.0000', u'PendingInputStaging', 45.96225094795227]
['unit.000032', u'pilot.0000', u'PendingInputStaging', 45.96230387687683]
['unit.000030', u'pilot.0000', u'AgentStagingInputPending', 45.96234893798828]
['unit.000031', u'pilot.0000', u'AgentStagingInputPending', 45.96238398551941]
['unit.000125', u'pilot.0000', u'PendingInputStaging', 45.9626088142395]
['unit.000059', u'pilot.0000', u'AgentStagingInputPending', 45.96266794204712]
['unit.000114', u'pilot.0000', u'AgentStagingInputPending', 45.96279692649841]
['unit.000103', u'pilot.0000', u'AgentStagingInputPending', 45.962899923324585]
['unit.000104', u'pilot.0000', u'PendingInputStaging', 45.962973833084106]
['unit.000061', u'pilot.0000', u'AgentStagingInputPending', 45.96305179595947]
['unit.000060', u'pilot.0000', u'AgentStagingInputPending', 45.96308779716492]
['unit.000063', u'pilot.0000', u'PendingInputStaging', 45.96312499046326]
['unit.000066', u'pilot.0000', u'PendingInputStaging', 45.963196992874146]
['unit.000009', u'pilot.0000', u'AgentStagingInputPending', 45.96329689025879]
['unit.000003', u'pilot.0000', u'PendingInputStaging', 45.96335196495056]
['unit.000001', u'pilot.0000', u'AgentStagingInputPending', 45.96339797973633]
['unit.000004', u'pilot.0000', u'PendingInputStaging', 45.96347379684448]
['unit.000010', u'pilot.0000', u'StagingInput', 50.212198972702026]
['unit.000011', u'pilot.0000', u'PendingInputStaging', 50.21225190162659]
['unit.000082', u'pilot.0000', u'AgentStagingInputPending', 50.2123658657074]
['unit.000084', u'pilot.0000', u'PendingInputStaging', 50.21245288848877]
['unit.000020', u'pilot.0000', u'AgentStagingInputPending', 50.21257400512695]
['unit.000022', u'pilot.0000', u'PendingInputStaging', 50.21262192726135]
['unit.000094', u'pilot.0000', u'AgentStagingInputPending', 50.21269702911377]
['unit.000095', u'pilot.0000', u'PendingInputStaging', 50.212733030319214]
['unit.000097', u'pilot.0000', u'AgentStagingInputPending', 50.21277594566345]
['unit.000032', u'pilot.0000', u'AgentStagingInputPending', 50.21282482147217]
['unit.000125', u'pilot.0000', u'AgentStagingInputPending', 50.213093996047974]
['unit.000127', u'pilot.0000', u'StagingInput', 50.2131769657135]
['unit.000115', u'pilot.0000', u'AgentStagingInputPending', 50.21329188346863]
['unit.000116', u'pilot.0000', u'PendingInputStaging', 50.213346004486084]
['unit.000106', u'pilot.0000', u'PendingInputStaging', 50.213459968566895]
['unit.000104', u'pilot.0000', u'AgentStagingInputPending', 50.21350598335266]
['unit.000105', u'pilot.0000', u'PendingInputStaging', 50.213541984558105]
['unit.000063', u'pilot.0000', u'AgentStagingInputPending', 50.21362781524658]
['unit.000062', u'pilot.0000', u'PendingInputStaging', 50.21366596221924]
['unit.000066', u'pilot.0000', u'AgentStagingInputPending', 50.213727951049805]
['unit.000003', u'pilot.0000', u'AgentStagingInputPending', 50.213785886764526]
['unit.000000', u'pilot.0000', u'PendingInputStaging', 50.21384286880493]
['unit.000004', u'pilot.0000', u'AgentStagingInputPending', 50.213907957077026]
['unit.000010', u'pilot.0000', u'AgentStagingInputPending', 55.59922194480896]
['unit.000011', u'pilot.0000', u'AgentStagingInputPending', 55.59927797317505]
['unit.000013', u'pilot.0000', u'PendingInputStaging', 55.59932994842529]
['unit.000118', u'pilot.0000', u'PendingInputStaging', 55.59941792488098]
['unit.000087', u'pilot.0000', u'PendingInputStaging', 55.599498987197876]
['unit.000086', u'pilot.0000', u'PendingInputStaging', 55.599538803100586]
['unit.000084', u'pilot.0000', u'AgentStagingInputPending', 55.59958481788635]
['unit.000095', u'pilot.0000', u'AgentStagingInputPending', 55.59978485107422]
['unit.000098', u'pilot.0000', u'PendingInputStaging', 55.59984302520752]
['unit.000127', u'pilot.0000', u'AgentStagingInputPending', 55.60014081001282]
['unit.000117', u'pilot.0000', u'AgentStagingInputPending', 55.60027194023132]
['unit.000116', u'pilot.0000', u'AgentStagingInputPending', 55.60030794143677]
['unit.000106', u'pilot.0000', u'AgentStagingInputPending', 55.60044193267822]
['unit.000107', u'pilot.0000', u'PendingInputStaging', 55.600483894348145]
['unit.000105', u'pilot.0000', u'AgentStagingInputPending', 55.60052680969238]
['unit.000108', u'pilot.0000', u'PendingInputStaging', 55.60056495666504]
['unit.000062', u'pilot.0000', u'AgentStagingInputPending', 55.60065484046936]
['unit.000065', u'pilot.0000', u'PendingInputStaging', 55.60069489479065]
['unit.000002', u'pilot.0000', u'PendingInputStaging', 55.60080695152283]
['unit.000000', u'pilot.0000', u'AgentStagingInputPending', 55.600868940353394]
['unit.000022', u'pilot.0000', u'AgentStagingInputPending', 55.60162901878357]
['unit.000074', u'pilot.0000', u'PendingInputStaging', 55.60172700881958]
['unit.000013', u'pilot.0000', u'AgentStagingInputPending', 62.37322688102722]
['unit.000014', u'pilot.0000', u'AgentStagingInputPending', 62.373286962509155]
['unit.000015', u'pilot.0000', u'PendingInputStaging', 62.373327016830444]
['unit.000119', u'pilot.0000', u'Agemodes   : export
db url  : mongodb://mingtaiha:mingtaiha@ds053838.mlab.com:53838/hicomb
session : rp.session.radical.mingtha.016942.0000
age     : -999999999 days, 0:00:00
ntStagingInputPending', 62.373387813568115]
['unit.000118', u'pilot.0000', u'AgentStagingInputPending', 62.37346696853638]
['unit.000087', u'pilot.0000', u'AgentStagingInputPending', 62.37354397773743]
['unit.000086', u'pilot.0000', u'AgentStagingInputPending', 62.373581886291504]
['unit.000088', u'pilot.0000', u'StagingInput', 62.37365698814392]
['unit.000098', u'pilot.0000', u'AgentStagingInputPending', 62.3738739490509]
['unit.000099', u'pilot.0000', u'StagingInput', 62.37391400337219]
['unit.000033', u'pilot.0000', u'PendingInputStaging', 62.373960971832275]
['unit.000120', u'pilot.0000', u'PendingInputStaging', 62.374167919158936]
['unit.000107', u'pilot.0000', u'AgentStagingInputPending', 62.37448287010193]
['unit.000108', u'pilot.0000', u'AgentStagingInputPending', 62.37454080581665]
['unit.000109', u'pilot.0000', u'PendingInputStaging', 62.37457895278931]
['unit.000065', u'pilot.0000', u'AgentStagingInputPending', 62.37467098236084]
['unit.000002', u'pilot.0000', u'AgentStagingInputPending', 62.37476682662964]
['unit.000074', u'pilot.0000', u'AgentStagingInputPending', 62.374905824661255]
['unit.000015', u'pilot.0000', u'AgentStagingInputPending', 65.92838096618652]
['unit.000088', u'pilot.0000', u'AgentStagingInputPending', 65.92856788635254]
['unit.000099', u'pilot.0000', u'AgentStagingInputPending', 65.9287760257721]
['unit.000033', u'pilot.0000', u'AgentStagingInputPending', 65.92881894111633]
['unit.000120', u'pilot.0000', u'AgentStagingInputPending', 65.92905282974243]
['unit.000109', u'pilot.0000', u'AgentStagingInputPending', 65.92969393730164]
need to exit now: 
