Hold reason: Error from glidein_3275695_232772540@CRUSH-OSG-10-5-83-98: STARTER at 10.5.83.98 failed to send file(s) to <129.79.53.198:9615>: error reading from /var/lib/condor/execute/dir_3275691/glide_YTXgxF/execute/dir_1074746/pilot.0000.log.tgz: (errno 2) No such file or directory; SHADOW failed to receive file(s) from <128.230.171.5:3427>


-- Schedd: login02.osgconnect.net : <192.170.227.192:9601?...
Last successful match: Fri May 20 17:16:17 2016

The Requirements expression for your job is:

( ( HAS_MODULES is true ) && ( OpSysMajorVer == 6 ) &&
    GLIDEIN_ResourceName isnt "CIT_CMS_T2" &&
    GLIDEIN_ResourceName isnt "Hyak" ) && ( TARGET.Arch == "X86_64" ) &&
  ( TARGET.OpSys == "LINUX" ) && ( TARGET.Disk >= RequestDisk ) &&
  ( TARGET.Memory >= RequestMemory ) && ( TARGET.HasFileTransfer )

Your job defines the following attributes:

DiskUsage = 2750000
RequestDisk = 2750000
RequestMemory = 1000

The Requirements expression for your job reduces to these conditions:

        Slots
Step    Matched  Condition
-----  --------  ---------
[0]       11496  HAS_MODULES is true
[3]       11890  GLIDEIN_ResourceName isnt "CIT_CMS_T2"
[4]       11232  [0] && [3]
[5]       11636  GLIDEIN_ResourceName isnt "Hyak"
[6]       10714  [4] && [5]
[11]      11230  TARGET.Disk >= RequestDisk
[12]      10196  [6] && [11]
[13]      11791  TARGET.Memory >= RequestMemory
[14]      10188  [12] && [13]

Suggestions:

Condition                         Machines Matched    Suggestion
---------                         ----------------    ----------
1   ( HAS_MODULES is true )           0                   MODIFY TO true
2   ( OpSysMajorVer == 6 )            0                   REMOVE
3   ( TARGET.Disk >= 2750000 )        11230                
4   ( TARGET.Memory >= 1000 )         11791                
5   GLIDEIN_ResourceName isnt "CIT_CMS_T2"12154                
6   GLIDEIN_ResourceName isnt "Hyak"  12154                
7   ( TARGET.Arch == "X86_64" )       12154                
8   ( TARGET.OpSys == "LINUX" )       12154                
9   ( TARGET.HasFileTransfer )        12154                
Last successful match: Fri May 20 18:16:23 2016


