running on osg.xsede-virt-clust
session id: rp.session.radical.mingtha.016942.0002
['pilot.0000', 'PendingLaunch', 10.198677062988281]
['pilot.0000', u'Launching', 10.534795999526978]
['unit.000251', u'pilot.0000', u'PendingInputStaging', 24.68820595741272]
['unit.000184', u'pilot.0000', u'PendingInputStaging', 24.688404083251953]
['unit.000118', u'pilot.0000', u'PendingInputStaging', 24.688456058502197]
['unit.000192', u'pilot.0000', u'PendingInputStaging', 24.68867588043213]
['unit.000161', u'pilot.0000', u'StagingInput', 24.6889910697937]
['unit.000145', u'pilot.0000', u'StagingInput', 24.689089059829712]
['unit.000160', u'pilot.0000', u'PendingInputStaging', 24.689268112182617]
['unit.000209', u'pilot.0000', u'PendingInputStaging', 24.689423084259033]
['unit.000219', u'pilot.0000', u'PendingInputStaging', 24.689637899398804]
['unit.000076', u'pilot.0000', u'PendingInputStaging', 24.690004110336304]
['pilot.0000', u'PendingActive', 30.01492190361023]
['unit.000251', u'pilot.0000', u'AgentStagingInputPending', 30.602475881576538]
['unit.000254', u'pilot.0000', u'AgentStagingInputPending', 30.60253405570984]
['unit.000015', u'pilot.0000', u'AgentStagingInputPending', 30.60261297225952]
['unit.000017', u'pilot.0000', u'AgentStagingInputPending', 30.602652072906494]
['unit.000240', u'pilot.0000', u'AgentStagingInputPending', 30.6026930809021]
['unit.000184', u'pilot.0000', u'AgentStagingInputPending', 30.602730989456177]
['unit.000118', u'pilot.0000', u'AgentStagingInputPending', 30.602771997451782]
['unit.000255', u'pilot.0000', u'PendingInputStaging', 30.602806091308594]
['unit.000225', u'pilot.0000', u'AgentStagingInputPending', 30.60292100906372]
['unit.000224', u'pilot.0000', u'AgentStagingInputPending', 30.60295605659485]
['unit.000192', u'pilot.0000', u'AgentStagingInputPending', 30.60305905342102]
['unit.000152', u'pilot.0000', u'PendingInputStaging', 30.603177070617676]
['unit.000156', u'pilot.0000', u'PendingInputStaging', 30.60322904586792]
['unit.000132', u'pilot.0000', u'StagingInput', 30.603312969207764]
['unit.000161', u'pilot.0000', u'AgentStagingInputPending', 30.603404998779297]
['unit.000090', u'pilot.0000', u'AgentStagingInputPending', 30.603451013565063]
['unit.000158', u'pilot.0000', u'AgentStagingInputPending', 30.603511095046997]
['unit.000243', u'pilot.0000', u'PendingInputStaging', 30.603548049926758]
['unit.000197', u'pilot.0000', u'AgentStagingInputPending', 30.60358190536499]
['unit.000147', u'pilot.0000', u'AgentStagingInputPending', 30.603643894195557]
['unit.000145', u'pilot.0000', u'AgentStagingInputPending', 30.60368299484253]
['unit.000160', u'pilot.0000', u'AgentStagingInputPending', 30.603872060775757]
['unit.000052', u'pilot.0000', u'PendingInputStaging', 30.60394310951233]
['unit.000209', u'pilot.0000', u'AgentStagingInputPending', 30.604058980941772]
['unit.000202', u'pilot.0000', u'PendingInputStaging', 30.60412287712097]
['unit.000219', u'pilot.0000', u'AgentStagingInputPending', 30.604336977005005]
['unit.000210', u'pilot.0000', u'AgentStagingInputPending', 30.604408979415894]
['unit.000172', u'pilot.0000', u'AgentStagingInputPending', 30.60448908805847]
['unit.000222', u'pilot.0000', u'AgentStagingInputPending', 30.60455298423767]
['unit.000182', u'pilot.0000', u'AgentStagingInputPending', 30.604597091674805]
['unit.000066', u'pilot.0000', u'AgentStagingInputPending', 30.604723930358887]
['unit.000046', u'pilot.0000', u'PendingInputStaging', 30.60487198829651]
['unit.000130', u'pilot.0000', u'PendingInputStaging', 30.604926109313965]
['unit.000076', u'pilot.0000', u'AgentStagingInputPending', 30.604970932006836]
['unit.000255', u'pilot.0000', u'AgentStagingInputPending', 39.96566891670227]
['unit.000220', u'pilot.0000', u'AgentStagingInputPending', 39.96594500541687]
['unit.000152', u'pilot.0000', u'AgentStagingInputPending', 39.96614599227905]
['unit.000156', u'pilot.0000', u'AgentStagingInputPending', 39.96620297431946]
['unit.000132', u'pilot.0000', u'AgentStagingInputPending', 39.96630096435547]
['unit.000252', u'pilot.0000', u'PendingInputStaging', 39.96638488769531]
['unit.000243', u'pilot.0000', u'AgentStagingInputPending', 39.9664568901062]
['unit.000253', u'pilot.0000', u'PendingInputStaging', 39.966551065444946]
['unit.000141', u'pilot.0000', u'PendingInputStaging', 39.966662883758545]
['unit.000120', u'pilot.0000', u'PendingInputStaging', 39.96675705909729]
['unit.000139', u'pilot.0000', u'AgentStagingInputPending', 39.96686887741089]
['unit.000052', u'pilot.0000', u'AgentStagingInputPending', 39.96696090698242]
['unit.000036', u'pilot.0000', u'StagingInput', 39.96706795692444]
['unit.000238', u'pilot.0000', u'AgentStagingInputPending', 39.96710991859436]
['unit.000035', u'pilot.0000', u'PendingInputStaging', 39.967150926589966]
['unit.000202', u'pilot.0000', u'AgentStagingInputPending', 39.96722888946533]
['unit.000173', u'pilot.0000', u'AgentStagingInputPending', 39.967530965805054]
['unit.000123', u'pilot.0000', u'PendingInputStaging', 39.9676079750061]
['unit.000187', u'pilot.0000', u'PendingInputStaging', 39.96769690513611]
['unit.000046', u'pilot.0000', u'AgentStagingInputPending', 39.96795201301575]
['unit.000249', u'pilot.0000', u'AgentStagingInputPending', 39.96800494194031]
['unit.000130', u'pilot.0000', u'AgentStagingInputPending', 39.968039989471436]
['unit.000078', u'pilot.0000', u'PendingInputStaging', 39.96807289123535]
['unit.000074', u'pilot.0000', u'PendingInputStaging', 39.968130111694336]
['unit.000121', u'pilot.0000', u'PendingInputStaging', 48.72854495048523]
['unit.000027', u'pilot.0000', u'PendingInputStaging', 48.728774070739746]
['unit.000135', u'pilot.0000', u'PendingInputStaging', 48.729098081588745]
['unit.000252', u'pilot.0000', u'AgentStagingInputPending', 48.72915601730347]
['unit.000253', u'pilot.0000', u'AgentStagingInputPending', 48.72926092147827]
['unit.000144', u'pilot.0000', u'PendingInputStaging', 48.72934007644653]
['unit.000141', u'pilot.0000', u'AgentStagingInputPending', 48.72940802574158]
['unit.000120', u'pilot.0000', u'AgentStagingInputPending', 48.729506969451904]
['unit.000036', u'pilot.0000', u'AgentStagingInputPending', 48.72978091239929]
['unit.000035', u'pilot.0000', u'AgentStagingInputPending', 48.72983407974243]
['unit.000207', u'pilot.0000', u'PendingInputStaging', 48.7299439907074]
['unit.000206', u'pilot.0000', u'AgentStagingInputPending', 48.729981899261475]
['unit.000174', u'pilot.0000', u'PendingInputStaging', 48.73025703430176]
['unit.000123', u'pilot.0000', u'AgentStagingInputPending', 48.73034906387329]
['unit.000187', u'pilot.0000', u'AgentStagingInputPending', 48.7304470539093]
['unit.000068', u'pilot.0000', u'PendingInputStaging', 48.73050904273987]
['unit.000137', u'pilot.0000', u'AgentStagingInputPending', 48.73054504394531]
['unit.000131', u'pilot.0000', u'StagingInput', 48.73077702522278]
['unit.000078', u'pilot.0000', u'AgentStagingInputPending', 48.73084092140198]
['unit.000168', u'pilot.0000', u'PendingInputStaging', 48.730879068374634]
['unit.000074', u'pilot.0000', u'AgentStagingInputPending', 48.73095703125]
['unit.000121', u'pilot.0000', u'AgentStagingInputPending', 52.671632051467896]
['unit.000027', u'pilot.0000', u'AgentStagingInputPending', 52.67186903953552]
['unit.000154', u'pilot.0000', u'PendingInputStaging', 52.672056913375854]
['unit.000135', u'pilot.0000', u'AgentStagingInputPending', 52.672245025634766]
['unit.000144', u'pilot.0000', u'AgentStagingInputPending', 52.67242503166199]
['unit.000125', u'pilot.0000', u'PendingInputStaging', 52.67261099815369]
['unit.000150', u'pilot.0000', u'StagingInput', 52.672683000564575]
['unit.000232', u'pilot.0000', u'AgentStagingInputPending', 52.6729040145874]
['unit.000205', u'pilot.0000', u'PendingInputStaging', 52.67300605773926]
['unit.000207', u'pilot.0000', u'AgentStagingInputPending', 52.673048973083496]
['unit.000100', u'pilot.0000', u'AgentStagingInputPending', 52.67310905456543]
['unit.000166', u'pilot.0000', u'PendingInputStaging', 52.67320895195007]
['unit.000190', u'pilot.0000', u'PendingInputStaging', 52.67328906059265]
['unit.000217', u'pilot.0000', u'AgentStagingInputPending', 52.67334699630737]
['unit.000214', u'pilot.0000', u'PendingInputStaging', 52.6733820438385]
['unit.000175', u'pilot.0000', u'PendingInputStaging', 52.67351293563843]
['unit.000174', u'pilot.0000', u'AgentStagingInputPending', 52.67354893684387]
['unit.000069', u'pilot.0000', u'PendingInputStaging', 52.673731088638306]
['unit.000068', u'pilot.0000', u'AgentStagingInputPending', 52.67378091812134]
['unit.000131', u'pilot.0000', u'AgentStagingInputPending', 52.67402410507202]
['unit.000168', u'pilot.0000', u'AgentStagingInputPending', 52.67410492897034]
['unit.000070', u'pilot.0000', u'AgentStagingInputPending', 52.674155950546265]
['unit.000079', u'pilot.0000', u'AgentStagingInputPending', 52.67420196533203]
['unit.000127', u'pilot.0000', u'AgentStagingInputPending', 52.67428803443909]
['unit.000080', u'pilot.0000', u'PendingInputStaging', 61.27417802810669]
['unit.000088', u'pilot.0000', u'AgentStagingInputPending', 61.274226903915405]
['unit.000154', u'pilot.0000', u'AgentStagingInputPending', 61.27435493469238]
['unit.000223', u'pilot.0000', u'StagingInput', 61.27446007728577]
['unit.000191', u'pilot.0000', u'PendingInputStaging', 61.27450489997864]
['unit.000148', u'pilot.0000', u'PendingInputStaging', 61.27453088760376]
['unit.000122', u'pilot.0000', u'PendingInputStaging', 61.27462100982666]
['unit.000125', u'pilot.0000', u'AgentStagingInputPending', 61.27464509010315]
['unit.000150', u'pilot.0000', u'AgentStagingInputPending', 61.27467608451843]
['unit.000212', u'pilot.0000', u'PendingInputStaging', 61.27469992637634]
['unit.000230', u'pilot.0000', u'AgentStagingInputPending', 61.27478289604187]
['unit.000205', u'pilot.0000', u'AgentStagingInputPending', 61.27483892440796]
['unit.000166', u'pilot.0000', u'AgentStagingInputPending', 61.27491092681885]
['unit.000190', u'pilot.0000', u'AgentStagingInputPending', 61.274949073791504]
['unit.000214', u'pilot.0000', u'AgentStagingInputPending', 61.27498006820679]
['unit.000175', u'pilot.0000', u'AgentStagingInputPending', 61.27502107620239]
['unit.000189', u'pilot.0000', u'PendingInputStaging', 61.27508091926575]
['unit.000183', u'pilot.0000', u'PendingInputStaging', 61.2751190662384]
['unit.000181', u'pilot.0000', u'AgentStagingInputPending', 61.275140047073364]
['unit.000069', u'pilot.0000', u'AgentStagingInputPending', 61.275171995162964]
['unit.000164', u'pilot.0000', u'PendingInputStaging', 61.27522397041321]
['unit.000005', u'pilot.0000', u'PendingInputStaging', 61.275290966033936]
['unit.000244', u'pilot.0000', u'PendingInputStaging', 67.16539001464844]
['unit.000080', u'pilot.0000', u'AgentStagingInputPending', 67.16551494598389]
['unit.000227', u'pilot.0000', u'StagingInput', 67.16561198234558]
['unit.000226', u'pilot.0000', u'PendingInputStaging', 67.16564798355103]
['unit.000223', u'pilot.0000', u'AgentStagingInputPending', 67.16607809066772]
['unit.000091', u'pilot.0000', u'PendingInputStaging', 67.16613602638245]
['unit.000245', u'pilot.0000', u'PendingInputStaging', 67.166179895401]
['unit.000191', u'pilot.0000', u'AgentStagingInputPending', 67.1662130355835]
['unit.000148', u'pilot.0000', u'AgentStagingInputPending', 67.16626191139221]
['unit.000122', u'pilot.0000', u'AgentStagingInputPending', 67.16644096374512]
['unit.000212', u'pilot.0000', u'AgentStagingInputPending', 67.16655898094177]
['unit.000005', u'pilot.0000', u'AgentStagingInputPending', 67.16672801971436]
['unit.000000', u'pilot.0000', u'PendingInputStaging', 67.16679906845093]
['unit.000179', u'pilot.0000', u'PendingInputStaging', 67.16720509529114]
['unit.000189', u'pilot.0000', u'AgentStagingInputPending', 67.16728711128235]
['unit.000183', u'pilot.0000', u'AgentStagingInputPending', 67.16733193397522]
['unit.000164', u'pilot.0000', u'AgentStagingInputPending', 67.16748905181885]
['unit.000165', u'pilot.0000', u'AgentStagingInputPending', 67.16752409934998]
['unit.000001', u'pilot.0000', u'PendingInputStaging', 67.16762089729309]
['unit.000228', u'pilot.0000', u'PendingInputStaging', 67.16773104667664]
['unit.000002', u'pilot.0000', u'AgentStagingInputPending', 72.90372896194458]
['unit.000039', u'pilot.0000', u'StagingInput', 72.90398907661438]
['unit.000081', u'pilot.0000', u'PendingInputStaging', 72.904217004776]
['unit.000227', u'pilot.0000', u'AgentStagingInputPending', 72.90454006195068]
['unit.000226', u'pilot.0000', u'AgentStagingInputPending', 72.90459394454956]
['unit.000042', u'pilot.0000', u'PendingInputStaging', 72.9052619934082]
['unit.000097', u'pilot.0000', u'PendingInputStaging', 72.90535998344421]
['unit.000133', u'pilot.0000', u'PendingInputStaging', 72.90554904937744]
['unit.000091', u'pilot.0000', u'AgentStagingInputPending', 72.90571594238281]
['unit.000003', u'pilot.0000', u'PendingInputStaging', 72.90576696395874]
['unit.000146', u'pilot.0000', u'AgentStagingInputPending', 72.90583109855652]
['unit.000143', u'pilot.0000', u'AgentStagingInputPending', 72.90590500831604]
['unit.000247', u'pilot.0000', u'PendingInputStaging', 72.90626502037048]
['unit.000000', u'pilot.0000', u'AgentStagingInputPending', 72.90635704994202]
['unit.000136', u'pilot.0000', u'PendingInputStaging', 72.90658497810364]
['unit.000195', u'pilot.0000', u'AgentStagingInputPending', 72.9066379070282]
['unit.000176', u'pilot.0000', u'AgentStagingInputPending', 72.9068009853363]
['unit.000179', u'pilot.0000', u'AgentStagingInputPending', 72.9068911075592]
['unit.000185', u'pilot.0000', u'PendingInputStaging', 72.90703701972961]
['unit.000245', u'pilot.0000', u'AgentStagingInputPending', 72.90723204612732]
['unit.000244', u'pilot.0000', u'AgentStagingInputPending', 72.90727710723877]
['unit.000001', u'pilot.0000', u'AgentStagingInputPending', 72.90731191635132]
['unit.000228', u'pilot.0000', u'AgentStagingInputPending', 72.90743207931519]
['unit.000012', u'pilot.0000', u'PendingInputStaging', 76.59690690040588]
['unit.000016', u'pilot.0000', u'AgentStagingInputPending', 76.59699606895447]
['unit.000119', u'pilot.0000', u'PendingInputStaging', 76.5970549583435]
['unit.000004', u'pilot.0000', u'AgentStagingInputPending', 76.5970950126648]
['unit.000051', u'pilot.0000', u'AgentStagingInputPending', 76.59713411331177]
['unit.000081', u'pilot.0000', u'AgentStagingInputPending', 76.59719610214233]
['unit.000018', u'pilot.0000', u'AgentStagingInputPending', 76.59740591049194]
['unit.000092', u'pilot.0000', u'AgentStagingInputPending', 76.59746289253235]
['unit.000093', u'pilot.0000', u'PendingInputStaging', 76.5974988937378]
['unit.000097', u'pilot.0000', u'AgentStagingInputPending', 76.59755396842957]
['unit.000157', u'pilot.0000', u'PendingInputStaging', 76.5976390838623]
['unit.000133', u'pilot.0000', u'AgentStagingInputPending', 76.59774899482727]
['unit.000136', u'pilot.0000', u'AgentStagingInputPending', 76.59781908988953]
['unit.000167', u'pilot.0000', u'StagingInput', 76.5978729724884]
['unit.000159', u'pilot.0000', u'AgentStagingInputPending', 76.59794092178345]
['unit.000003', u'pilot.0000', u'AgentStagingInputPending', 76.59798407554626]
['unit.000142', u'pilot.0000', u'AgentStagingInputPending', 76.59806799888611]
['unit.000042', u'pilot.0000', u'AgentStagingInputPending', 76.59816002845764]
['unit.000041', u'pilot.0000', u'AgentStagingInputPending', 76.5981969833374]
['unit.000040', u'pilot.0000', u'AgentStagingInputPending', 76.59823298454285]
['unit.000098', u'pilot.0000', u'AgentStagingInputPending', 76.59833002090454]
['unit.000250', u'pilot.0000', u'AgentStagingInputPending', 76.59836602210999]
['unit.000099', u'pilot.0000', u'AgentStagingInputPending', 76.59840893745422]
['unit.000007', u'pilot.0000', u'AgentStagingInputPending', 76.59845495223999]
['unit.000198', u'pilot.0000', u'AgentStagingInputPending', 76.59850788116455]
['unit.000006', u'pilot.0000', u'AgentStagingInputPending', 76.5985460281372]
['unit.000247', u'pilot.0000', u'AgentStagingInputPending', 76.5986909866333]
['unit.000037', u'pilot.0000', u'AgentStagingInputPending', 76.59875297546387]
['unit.000019', u'pilot.0000', u'AgentStagingInputPending', 76.59878897666931]
['unit.000200', u'pilot.0000', u'AgentStagingInputPending', 76.59887909889221]
['unit.000102', u'pilot.0000', u'AgentStagingInputPending', 76.59896206855774]
['unit.000103', u'pilot.0000', u'AgentStagingInputPending', 76.59899806976318]
['unit.000039', u'pilot.0000', u'AgentStagingInputPending', 76.59904098510742]
['unit.000105', u'pilot.0000', u'PendingInputStaging', 76.59913611412048]
['unit.000239', u'pilot.0000', u'PendingInputStaging', 76.59919500350952]
['unit.000038', u'pilot.0000', u'AgentStagingInputPending', 76.59923696517944]
['unit.000193', u'pilot.0000', u'AgentStagingInputPending', 76.59927296638489]
['unit.000194', u'pilot.0000', u'AgentStagingInputPending', 76.5993230342865]
['unit.000216', u'pilot.0000', u'AgentStagingInputPending', 76.5994040966034]
['unit.000199', u'pilot.0000', u'PendingInputStaging', 76.59946298599243]
['unit.000177', u'pilot.0000', u'AgentStagingInputPending', 76.59952306747437]
['unit.000101', u'pilot.0000', u'AgentStagingInputPending', 76.59962701797485]
['unit.000185', u'pilot.0000', u'AgentStagingInputPending', 76.59975600242615]
['unit.000067', u'pilot.0000', u'AgentStagingInputPending', 76.59985399246216]
['unit.000008', u'pilot.0000', u'AgentStagingInputPending', 76.59992504119873]
['unit.000009', u'pilot.0000', u'AgentStagingInputPending', 76.60011792182922]
['unit.000073', u'pilot.0000', u'PendingInputStaging', 76.60022211074829]
['unit.000010', u'pilot.0000', u'PendingInputStaging', 80.18114805221558]
['unit.000011', u'pilot.0000', u'PendingInputStaging', 80.1812059879303]
['unit.000012', u'pilot.0000', u'AgentStagingInputPending', 80.18124508857727]
['unit.000013', u'pilot.0000', u'AgentStagingInputPending', 80.18128395080566]
['unit.000014', u'pilot.0000', u'AgentStagingInputPending', 80.18132209777832]
['unit.000050', u'pilot.0000', u'StagingInput', 80.181391954422]
['unit.000021', u'pilot.0000', u'PendingInputStaging', 80.18165588378906]
['unit.000020', u'pilot.0000', u'PendingInputStaging', 80.18169689178467]
['unit.000129', u'pilot.0000', u'AgentStagingInputPending', 80.18175411224365]
['unit.000108', u'pilot.0000', u'AgentStagingInputPending', 80.18179297447205]
['unit.000138', u'pilot.0000', u'AgentStagingInputPending', 80.18184089660645]
['unit.000093', u'pilot.0000', u'AgentStagingInputPending', 80.1819200515747]
['unit.000094', u'pilot.0000', u'AgentStagingInputPending', 80.18196892738342]
['unit.000153', u'pilot.0000', u'PendingInputStaging', 80.18205094337463]
['unit.000155', u'pilot.0000', u'AgentStagingInputPending', 80.18210005760193]
['unit.000157', u'pilot.0000', u'AgentStagingInputPending', 80.1821460723877]
['unit.000167', u'pilot.0000', u'AgentStagingInputPending', 80.18233895301819]
['unit.000045', u'pilot.0000', u'AgentStagingInputPending', 80.1825339794159]
['unit.000151', u'pilot.0000', u'AgentStagingInputPending', 80.18269300460815]
['unit.000199', u'pilot.0000', u'AgentStagingInputPending', 80.182785987854]
['unit.000119', u'pilot.0000', u'AgentStagingInputPending', 80.1828761100769]
['unit.000115', u'pilot.0000', u'AgentStagingInputPending', 80.18294596672058]
['unit.000114', u'pilot.0000', u'AgentStagingInputPending', 80.18298411369324]
['unit.000113', u'pilot.0000', u'PendingInputStaging', 80.18305110931396]
['unit.000112', u'pilot.0000', u'AgentStagingInputPending', 80.18308711051941]
['unit.000083', u'pilot.0000', u'AgentStagingInputPending', 80.18315291404724]
['unit.000236', u'pilot.0000', u'AgentStagingInputPending', 80.1832480430603]
['unit.000201', u'pilot.0000', u'AgentStagingInputPending', 80.1832959651947]
['unit.000106', u'pilot.0000', u'AgentStagingInputPending', 80.18343210220337]
['unit.000107', u'pilot.0000', u'AgentStagingInputPending', 80.18347001075745]
['unit.000104', u'pilot.0000', u'AgentStagingInputPending', 80.18350601196289]
['unit.000105', u'pilot.0000', u'AgentStagingInputPending', 80.18354105949402]
['unit.000109', u'pilot.0000', u'AgentStagingInputPending', 80.18359708786011]
['unit.000239', u'pilot.0000', u'AgentStagingInputPending', 80.18363308906555]
['unit.000110', u'pilot.0000', u'AgentStagingInputPending', 80.183669090271]
['unit.000049', u'pilot.0000', u'AgentStagingInputPending', 80.18371391296387]
['unit.000047', u'pilot.0000', u'AgentStagingInputPending', 80.18375205993652]
['unit.000204', u'pilot.0000', u'AgentStagingInputPending', 80.18378806114197]
['unit.000188', u'pilot.0000', u'AgentStagingInputPending', 80.18414402008057]
['unit.000162', u'pilot.0000', u'AgentStagingInputPending', 80.184406042099]
['unit.000242', u'pilot.0000', u'PendingInputStaging', 80.18451809883118]
['unit.000235', u'pilot.0000', u'PendingInputStaging', 80.18456602096558]
['unit.000111', u'pilot.0000', u'AgentStagingInputPending', 80.18461394309998]
['unit.000048', u'pilot.0000', u'AgentStagingInputPending', 80.18465089797974]
['unit.000077', u'pilot.0000', u'AgentStagingInputPending', 80.18472599983215]
['unit.000075', u'pilot.0000', u'AgentStagingInputPending', 80.18477392196655]
['unit.000072', u'pilot.0000', u'AgentStagingInputPending', 80.184809923172]
['unit.000073', u'pilot.0000', u'AgentStagingInputPending', 80.18484497070312]
['unit.000071', u'pilot.0000', u'AgentStagingInputPending', 80.18489098548889]
['unit.000010', u'pilot.0000', u'AgentStagingInputPending', 83.75659394264221]
['unit.000011', u'pilot.0000', u'AgentStagingInputPending', 83.75664806365967]
['unit.000050', u'pilot.0000', u'AgentStagingInputPending', 83.75674700737]
['unit.000053', u'pilot.0000', u'AgentStagingInputPending', 83.75679802894592]
['unit.000085', u'pilot.0000', u'AgentStagingInputPending', 83.75692892074585]
['unit.000084', u'pilot.0000', u'AgentStagingInputPending', 83.7569670677185]
['unit.000089', u'pilot.0000', u'AgentStagingInputPending', 83.75700306892395]
['unit.000128', u'pilot.0000', u'AgentStagingInputPending', 83.75705099105835]
['unit.000029', u'pilot.0000', u'PendingInputStaging', 83.75712895393372]
['unit.000221', u'pilot.0000', u'AgentStagingInputPending', 83.75717902183533]
['unit.000025', u'pilot.0000', u'AgentStagingInputPending', 83.75722694396973]
['unit.000024', u'pilot.0000', u'AgentStagingInputPending', 83.75726294517517]
['unit.000026', u'pilot.0000', u'AgentStagingInputPending', 83.75730991363525]
['unit.000021', u'pilot.0000', u'AgentStagingInputPending', 83.75734400749207]
['unit.000020', u'pilot.0000', u'AgentStagingInputPending', 83.75738501548767]
['unit.000242', u'pilot.0000', u'AgentStagingInputPending', 83.75745105743408]
['unit.000095', u'pilot.0000', u'AgentStagingInputPending', 83.75755310058594]
['unit.000153', u'pilot.0000', u'AgentStagingInputPending', 83.75762796401978]
['unit.000134', u'pilot.0000', u'AgentStagingInputPending', 83.75784993171692]
['unit.000234', u'pilot.0000', u'AgentStagingInputPending', 83.75789904594421]
['unit.000248', u'pilot.0000', u'AgentStagingInputPending', 83.7579460144043]
['unit.000043', u'pilot.0000', u'AgentStagingInputPending', 83.75813889503479]
['unit.000124', u'pilot.0000', u'PendingInputStaging', 83.75825500488281]
['unit.000059', u'pilot.0000', u'PendingInputStaging', 83.7583520412445]
['unit.000213', u'pilot.0000', u'PendingInputStaging', 83.75843405723572]
['unit.000054', u'pilot.0000', u'AgentStagingInputPending', 83.75847887992859]
['unit.000055', u'pilot.0000', u'AgentStagingInputPending', 83.75851488113403]
['unit.000056', u'pilot.0000', u'AgentStagingInputPending', 83.75854992866516]
['unit.000057', u'pilot.0000', u'AgentStagingInputPending', 83.75858402252197]
['unit.000235', u'pilot.0000', u'AgentStagingInputPending', 83.75864791870117]
['unit.000116', u'pilot.0000', u'AgentStagingInputPending', 83.75870895385742]
['unit.000113', u'pilot.0000', u'AgentStagingInputPending', 83.75876092910767]
['unit.000231', u'pilot.0000', u'AgentStagingInputPending', 83.75882411003113]
['unit.000233', u'pilot.0000', u'AgentStagingInputPending', 83.75888800621033]
['unit.000208', u'pilot.0000', u'StagingInput', 83.75894403457642]
['unit.000196', u'pilot.0000', u'AgentStagingInputPending', 83.7592089176178]
['unit.000215', u'pilot.0000', u'AgentStagingInputPending', 83.75931096076965]
['unit.000211', u'pilot.0000', u'AgentStagingInputPending', 83.75937604904175]
['unit.000170', u'pilot.0000', u'PendingInputStaging', 83.75947499275208]
['unit.000058', u'pilot.0000', u'PendingInputStaging', 83.75952911376953]
['unit.000149', u'pilot.0000', u'PendingInputStaging', 83.75958395004272]
['unit.000028', u'pilot.0000', u'PendingInputStagmodes   : export
db url  : mongodb://mingtaiha:mingtaiha@ds053838.mlab.com:53838/hicomb
session : rp.session.radical.mingtha.016942.0002
age     : -999999999 days, 0:00:00
ing', 83.75961995124817]
['unit.000060', u'pilot.0000', u'PendingInputStaging', 83.75980997085571]
['unit.000023', u'pilot.0000', u'AgentStagingInputPending', 83.76003789901733]
['unit.000022', u'pilot.0000', u'AgentStagingInputPending', 83.7600769996643]
['unit.000126', u'pilot.0000', u'AgentStagingInputPending', 83.76011204719543]
['unit.000169', u'pilot.0000', u'AgentStagingInputPending', 83.76018190383911]
['unit.000237', u'pilot.0000', u'AgentStagingInputPending', 87.30762100219727]
['unit.000044', u'pilot.0000', u'AgentStagingInputPending', 87.3076810836792]
['unit.000032', u'pilot.0000', u'AgentStagingInputPending', 87.3077449798584]
['unit.000082', u'pilot.0000', u'AgentStagingInputPending', 87.3077940940857]
['unit.000087', u'pilot.0000', u'AgentStagingInputPending', 87.30785489082336]
['unit.000086', u'pilot.0000', u'AgentStagingInputPending', 87.30789089202881]
['unit.000033', u'pilot.0000', u'AgentStagingInputPending', 87.3081169128418]
['unit.000030', u'pilot.0000', u'AgentStagingInputPending', 87.30821108818054]
['unit.000241', u'pilot.0000', u'AgentStagingInputPending', 87.30825805664062]
['unit.000096', u'pilot.0000', u'AgentStagingInputPending', 87.30834889411926]
['unit.000218', u'pilot.0000', u'AgentStagingInputPending', 87.30866003036499]
['unit.000140', u'pilot.0000', u'AgentStagingInputPending', 87.308767080307]
['unit.000246', u'pilot.0000', u'AgentStagingInputPending', 87.3088390827179]
['unit.000124', u'pilot.0000', u'AgentStagingInputPending', 87.30894303321838]
['unit.000059', u'pilot.0000', u'AgentStagingInputPending', 87.30901288986206]
['unit.000213', u'pilot.0000', u'AgentStagingInputPending', 87.30908989906311]
['unit.000117', u'pilot.0000', u'AgentStagingInputPending', 87.30921196937561]
['unit.000031', u'pilot.0000', u'AgentStagingInputPending', 87.30928802490234]
['unit.000034', u'pilot.0000', u'AgentStagingInputPending', 87.30935907363892]
['unit.000208', u'pilot.0000', u'AgentStagingInputPending', 87.30940890312195]
['unit.000203', u'pilot.0000', u'PendingInputStaging', 87.30946803092957]
['unit.000171', u'pilot.0000', u'PendingInputStaging', 87.30983304977417]
['unit.000170', u'pilot.0000', u'AgentStagingInputPending', 87.3098669052124]
['unit.000178', u'pilot.0000', u'AgentStagingInputPending', 87.30990791320801]
['unit.000058', u'pilot.0000', u'AgentStagingInputPending', 87.30994009971619]
['unit.000029', u'pilot.0000', u'AgentStagingInputPending', 87.3099799156189]
['unit.000149', u'pilot.0000', u'AgentStagingInputPending', 87.31001091003418]
['unit.000028', u'pilot.0000', u'AgentStagingInputPending', 87.31004095077515]
['unit.000180', u'pilot.0000', u'AgentStagingInputPending', 87.3101110458374]
['unit.000186', u'pilot.0000', u'AgentStagingInputPending', 87.31015300750732]
['unit.000061', u'pilot.0000', u'AgentStagingInputPending', 87.310231924057]
['unit.000060', u'pilot.0000', u'AgentStagingInputPending', 87.31029605865479]
['unit.000063', u'pilot.0000', u'AgentStagingInputPending', 87.31033396720886]
['unit.000062', u'pilot.0000', u'AgentStagingInputPending', 87.31036591529846]
['unit.000065', u'pilot.0000', u'AgentStagingInputPending', 87.31039905548096]
['unit.000064', u'pilot.0000', u'AgentStagingInputPending', 87.31043100357056]
['unit.000163', u'pilot.0000', u'AgentStagingInputPending', 87.3105731010437]
['unit.000229', u'pilot.0000', u'AgentStagingInputPending', 87.31068110466003]
['unit.000203', u'pilot.0000', u'AgentStagingInputPending', 91.08336806297302]
['unit.000171', u'pilot.0000', u'AgentStagingInputPending', 91.08371996879578]
need to exit now: 
