Hold reason: Error from glidein_1006035_24878441@CRUSH-OSG-10-5-30-4: STARTER at 10.5.30.4 failed to send file(s) to <129.79.53.198:9615>: error reading from /var/lib/condor/execute/dir_1006031/glide_aaFZQo/execute/dir_2610978/pilot.0000.log.tgz: (errno 2) No such file or directory; SHADOW failed to receive file(s) from <128.230.171.105:37718>

-- Schedd: login02.osgconnect.net : <192.170.227.192:9601?...
Last successful match: Sun May 22 04:10:25 2016

The Requirements expression for your job is:

( ( HAS_MODULES is true ) && ( OpSysMajorVer == 6 ) &&
GLIDEIN_ResourceName isnt "CIT_CMS_T2" &&
GLIDEIN_ResourceName isnt "Hyak" ) && ( TARGET.Arch == "X86_64" ) &&
( TARGET.OpSys == "LINUX" ) && ( TARGET.Disk >= RequestDisk ) &&
( TARGET.Memory >= RequestMemory ) && ( TARGET.HasFileTransfer )

Your job defines the following attributes:

DiskUsage = 2750000
RequestDisk = 2750000
RequestMemory = 1000

The Requirements expression for your job reduces to these conditions:

Slots
Step    Matched  Condition
-----  --------  ---------
[0]       11972  HAS_MODULES is true
[3]       11437  GLIDEIN_ResourceName isnt "CIT_CMS_T2"
[4]       11425  [0] && [3]
[5]       11017  GLIDEIN_ResourceName isnt "Hyak"
[6]       10458  [4] && [5]
[11]      10521  TARGET.Disk >= RequestDisk
[12]       9690  [6] && [11]
[13]      11273  TARGET.Memory >= RequestMemory
[14]       9686  [12] && [13]

Suggestions:

Condition                         Machines Matched    Suggestion
---------                         ----------------    ----------
1   ( HAS_MODULES is true )           0                   MODIFY TO true
2   ( OpSysMajorVer == 6 )            0                   REMOVE
3   ( TARGET.Disk >= 2750000 )        10521                
4   ( TARGET.Memory >= 1000 )         11273                
5   GLIDEIN_ResourceName isnt "CIT_CMS_T2"11984                
6   GLIDEIN_ResourceName isnt "Hyak"  11984                
7   ( TARGET.Arch == "X86_64" )       11984                
8   ( TARGET.OpSys == "LINUX" )       11984                
9   ( TARGET.HasFileTransfer )        11984  




Hold reason: Error from glidein_15353_3530315@CRUSH-OSG-10-5-134-150: STARTER at 10.5.134.150 failed to send file(s) to <129.79.53.198:9615>: error reading from /var/lib/condor/execute/dir_13738/glide_n3Kj3X/execute/dir_1974806/pilot.0000.log.tgz: (errno 2) No such file or directory; SHADOW failed to receive file(s) from <128.230.18.42:49282>

-- Schedd: iplant-condor.tacc.utexas.edu : <129.114.60.142:42263>
User priority for iplant@iplant-condor.tacc.utexas.edu is not available, attempting to analyze without it.
---
863.000:  Run analysis summary.  Of 12096 machines,
1 are rejected by your job's requirements 
12095 reject your job because of their own requirements 
0 match and are already running your jobs 
0 match but are serving other users 
0 are available to run your job
No successful match recorded.
Last failed match: Sun May 22 11:54:34 2016

Reason for last match failure: no match found

The Requirements expression for your job is:

( ( Memory >= 1 ) ) && ( TARGET.Arch == "X86_64" ) &&
( TARGET.OpSys == "LINUX" ) && ( TARGET.Disk >= RequestDisk ) &&
( TARGET.Memory >= RequestMemory ) && ( TARGET.HasFileTransfer )

Your job defines the following attributes:

DiskUsage = 22
ImageSize = 1
RequestDisk = 22
RequestMemory = 1

The Requirements expression for your job reduces to these conditions:

Slots
Step    Matched  Condition
-----  --------  ---------
[0]       12095  Memory >= 1
[7]       12095  TARGET.Memory >= RequestMemory

Suggestions:

Condition                         Machines Matched    Suggestion
---------                         ----------------    ----------
1   ( ( Memory >= 1 ) )               0                   REMOVE
2   ( TARGET.Memory >= ifthenelse(MemoryUsage isnt undefined,MemoryUsage,1) )
12095                
3   ( TARGET.Arch == "X86_64" )       12096                
4   ( TARGET.OpSys == "LINUX" )       12096                
5   ( TARGET.Disk >= 22 )             12096                
6   ( TARGET.HasFileTransfer )        12096   




Hold reason: Error from glidein_10246_41527185@CRUSH-OSG-10-5-134-231: STARTER at 10.5.134.231 failed to send file(s) to <129.79.53.198:9615>: error reading from /var/lib/condor/execute/dir_8603/glide_pP2EFJ/execute/dir_1743848/pilot.0000.log.tgz: (errno 2) No such file or directory; SHADOW failed to receive file(s) from <128.230.18.42:18454>

-- Schedd: iplant-condor.tacc.utexas.edu : <129.114.60.142:42263>
User priority for iplant@iplant-condor.tacc.utexas.edu is not available, attempting to analyze without it.
---
863.000:  Run analysis summary.  Of 12197 machines,
1 are rejected by your job's requirements 
12196 reject your job because of their own requirements 
0 match and are already running your jobs 
0 match but are serving other users 
0 are available to run your job
No successful match recorded.
Last failed match: Sun May 22 12:08:34 2016

Reason for last match failure: no match found

The Requirements expression for your job is:

( ( Memory >= 1 ) ) && ( TARGET.Arch == "X86_64" ) &&
( TARGET.OpSys == "LINUX" ) && ( TARGET.Disk >= RequestDisk ) &&
( TARGET.Memory >= RequestMemory ) && ( TARGET.HasFileTransfer )

Your job defines the following attributes:

DiskUsage = 22
ImageSize = 1
RequestDisk = 22
RequestMemory = 1

The Requirements expression for your job reduces to these conditions:

Slots
Step    Matched  Condition
-----  --------  ---------
[0]       12196  Memory >= 1
[7]       12196  TARGET.Memory >= RequestMemory

Suggestions:

Condition                         Machines Matched    Suggestion
---------                         ----------------    ----------
1   ( ( Memory >= 1 ) )               0                   REMOVE
2   ( TARGET.Memory >= ifthenelse(MemoryUsage isnt undefined,MemoryUsage,1) )
12196                
3   ( TARGET.Arch == "X86_64" )       12197                
4   ( TARGET.OpSys == "LINUX" )       12197                
5   ( TARGET.Disk >= 22 )             12197                
6   ( TARGET.HasFileTransfer )        12197 



Hold reason: Error from glidein_1753135_24221600@CRUSH-OSG-10-5-20-87: STARTER at 10.5.20.87 failed to send file(s) to <129.79.53.198:9615>: error reading from /var/lib/condor/execute/dir_1753131/glide_pGBWni/execute/dir_2878562/pilot.0000.log.tgz: (errno 2) No such file or directory; SHADOW failed to receive file(s) from <128.230.171.105:11270>

-- Schedd: login02.osgconnect.net : <192.170.227.192:9601?...
Last successful match: Sun May 22 07:35:51 2016

The Requirements expression for your job is:

( ( HAS_MODULES is true ) && ( OpSysMajorVer == 6 ) &&
GLIDEIN_ResourceName isnt "CIT_CMS_T2" &&
GLIDEIN_ResourceName isnt "Hyak" ) && ( TARGET.Arch == "X86_64" ) &&
( TARGET.OpSys == "LINUX" ) && ( TARGET.Disk >= RequestDisk ) &&
( TARGET.Memory >= RequestMemory ) && ( TARGET.HasFileTransfer )

Your job defines the following attributes:

DiskUsage = 2500000
RequestDisk = 2500000
RequestMemory = 1000

The Requirements expression for your job reduces to these conditions:

Slots
Step    Matched  Condition
-----  --------  ---------
[0]       12162  HAS_MODULES is true
[3]       11641  GLIDEIN_ResourceName isnt "CIT_CMS_T2"
[4]       11629  [0] && [3]
[5]       10911  GLIDEIN_ResourceName isnt "Hyak"
[6]       10366  [4] && [5]
[11]      10555  TARGET.Disk >= RequestDisk
[12]       9586  [6] && [11]
[13]      11269  TARGET.Memory >= RequestMemory
[14]       9583  [12] && [13]

Suggestions:

Condition                         Machines Matched    Suggestion
---------                         ----------------    ----------
1   ( HAS_MODULES is true )           0                   MODIFY TO true
2   ( OpSysMajorVer == 6 )            0                   REMOVE
3   ( TARGET.Disk >= 2500000 )        10555                
4   ( TARGET.Memory >= 1000 )         11269                
5   GLIDEIN_ResourceName isnt "CIT_CMS_T2"12174                
6   GLIDEIN_ResourceName isnt "Hyak"  12174                
7   ( TARGET.Arch == "X86_64" )       12174                
8   ( TARGET.OpSys == "LINUX" )       12174                
9   ( TARGET.HasFileTransfer )        12174 




Hold reason: Error from glidein_4735_347430364@CRUSH-OSG-10-5-134-170: STARTER at 10.5.134.170 failed to send file(s) to <129.79.53.198:9615>: error reading from /var/lib/condor/execute/dir_4302/glide_RpPQR7/execute/dir_2245367/pilot.0000.log.tgz: (errno 2) No such file or directory; SHADOW failed to receive file(s) from <128.230.18.42:59868>

-- Schedd: iplant-condor.tacc.utexas.edu : <129.114.60.142:42263>
User priority for iplant@iplant-condor.tacc.utexas.edu is not available, attempting to analyze without it.
---
863.000:  Run analysis summary.  Of 14646 machines,
2 are rejected by your job's requirements 
14644 reject your job because of their own requirements 
0 match and are already running your jobs 
0 match but are serving other users 
0 are available to run your job
No successful match recorded.
Last failed match: Sun May 22 21:59:10 2016

Reason for last match failure: no match found

The Requirements expression for your job is:

( ( Memory >= 1 ) ) && ( TARGET.Arch == "X86_64" ) &&
( TARGET.OpSys == "LINUX" ) && ( TARGET.Disk >= RequestDisk ) &&
( TARGET.Memory >= RequestMemory ) && ( TARGET.HasFileTransfer )

Your job defines the following attributes:

DiskUsage = 22
ImageSize = 1
RequestDisk = 22
RequestMemory = 1

The Requirements expression for your job reduces to these conditions:

Slots
Step    Matched  Condition
-----  --------  ---------
[0]       14644  Memory >= 1
[7]       14644  TARGET.Memory >= RequestMemory

Suggestions:

Condition                         Machines Matched    Suggestion
---------                         ----------------    ----------
1   ( ( Memory >= 1 ) )               0                   REMOVE
2   ( TARGET.Memory >= ifthenelse(MemoryUsage isnt undefined,MemoryUsage,1) )
14644                
3   ( TARGET.Arch == "X86_64" )       14646                
4   ( TARGET.OpSys == "LINUX" )       14646                
5   ( TARGET.Disk >= 22 )             14646                
6   ( TARGET.HasFileTransfer )        14646   
